[2021-03-09 16:21:53 +0000] [7] [INFO] Starting gunicorn 20.0.4
[2021-03-09 16:21:53 +0000] [7] [INFO] Listening at: http://0.0.0.0:8080 (7)
[2021-03-09 16:21:53 +0000] [7] [INFO] Using worker: threads
[2021-03-09 16:21:53 +0000] [24] [INFO] Booting worker with pid: 24
[2021-03-09 16:21:53 +0000] [26] [INFO] Booting worker with pid: 26
[2021-03-09 16:21:53 +0000] [27] [INFO] Booting worker with pid: 27
[2021-03-09 16:21:53 +0000] [29] [INFO] Booting worker with pid: 29
[2021-03-09 16:21:53 +0000] [30] [INFO] Booting worker with pid: 30
[2021-03-09 16:21:53 +0000] [34] [INFO] Booting worker with pid: 34
[2021-03-09 16:21:53 +0000] [36] [INFO] Booting worker with pid: 36
[2021-03-09 16:21:53 +0000] [38] [INFO] Booting worker with pid: 38
[2021-03-09 16:21:54 +0000] [40] [INFO] Booting worker with pid: 40
[2021-03-09 16:21:54 +0000] [41] [INFO] Booting worker with pid: 41
[2021-03-09 16:21:54 +0000] [44] [INFO] Booting worker with pid: 44
[2021-03-09 16:21:54 +0000] [46] [INFO] Booting worker with pid: 46
[2021-03-09 16:21:54 +0000] [48] [INFO] Booting worker with pid: 48
[2021-03-09 16:21:54 +0000] [50] [INFO] Booting worker with pid: 50
[2021-03-09 16:21:54 +0000] [52] [INFO] Booting worker with pid: 52
[2021-03-09 16:21:54 +0000] [53] [INFO] Booting worker with pid: 53
[2021-03-09 16:21:54 +0000] [56] [INFO] Booting worker with pid: 56
[2021-03-09 16:21:54 +0000] [58] [INFO] Booting worker with pid: 58
[2021-03-09 16:21:54 +0000] [60] [INFO] Booting worker with pid: 60
[2021-03-09 16:21:54 +0000] [61] [INFO] Booting worker with pid: 61
[2021-03-09 16:21:54 +0000] [63] [INFO] Booting worker with pid: 63
[2021-03-09 16:21:54 +0000] [65] [INFO] Booting worker with pid: 65
[2021-03-09 16:21:54 +0000] [68] [INFO] Booting worker with pid: 68
[2021-03-09 16:21:54 +0000] [70] [INFO] Booting worker with pid: 70
[2021-03-09 16:21:54 +0000] [72] [INFO] Booting worker with pid: 72
[2021-03-09 16:21:54 +0000] [74] [INFO] Booting worker with pid: 74
[2021-03-09 16:21:54 +0000] [75] [INFO] Booting worker with pid: 75
[2021-03-09 16:21:54 +0000] [78] [INFO] Booting worker with pid: 78
[2021-03-09 16:21:54 +0000] [79] [INFO] Booting worker with pid: 79
[2021-03-09 16:21:55 +0000] [82] [INFO] Booting worker with pid: 82
[2021-03-09 16:21:55 +0000] [84] [INFO] Booting worker with pid: 84
[2021-03-09 16:21:55 +0000] [86] [INFO] Booting worker with pid: 86
[2021-03-09 16:21:55 +0000] [88] [INFO] Booting worker with pid: 88
[2021-03-09 16:21:55 +0000] [89] [INFO] Booting worker with pid: 89
[2021-03-09 16:21:55 +0000] [92] [INFO] Booting worker with pid: 92
[2021-03-09 16:21:55 +0000] [94] [INFO] Booting worker with pid: 94
[2021-03-09 16:21:55 +0000] [96] [INFO] Booting worker with pid: 96
[2021-03-09 16:21:55 +0000] [97] [INFO] Booting worker with pid: 97
[2021-03-09 16:21:55 +0000] [100] [INFO] Booting worker with pid: 100
[2021-03-09 16:21:55 +0000] [102] [INFO] Booting worker with pid: 102
[2021-03-09 16:21:55 +0000] [103] [INFO] Booting worker with pid: 103
[2021-03-09 16:21:55 +0000] [106] [INFO] Booting worker with pid: 106
[2021-03-09 16:21:55 +0000] [108] [INFO] Booting worker with pid: 108
[2021-03-09 16:21:55 +0000] [110] [INFO] Booting worker with pid: 110
[2021-03-09 16:21:55 +0000] [112] [INFO] Booting worker with pid: 112
[2021-03-09 16:21:55 +0000] [114] [INFO] Booting worker with pid: 114
[2021-03-09 16:21:55 +0000] [116] [INFO] Booting worker with pid: 116
[2021-03-09 16:21:55 +0000] [118] [INFO] Booting worker with pid: 118
[2021-03-10 02:23:17 +0000] [7] [INFO] Starting gunicorn 20.0.4
[2021-03-10 02:23:17 +0000] [7] [INFO] Listening at: http://0.0.0.0:8080 (7)
[2021-03-10 02:23:17 +0000] [7] [INFO] Using worker: threads
[2021-03-10 02:23:17 +0000] [24] [INFO] Booting worker with pid: 24
[2021-03-10 02:23:17 +0000] [25] [INFO] Booting worker with pid: 25
[2021-03-10 02:23:17 +0000] [26] [INFO] Booting worker with pid: 26
[2021-03-10 02:23:17 +0000] [30] [INFO] Booting worker with pid: 30
[2021-03-10 02:23:17 +0000] [32] [INFO] Booting worker with pid: 32
[2021-03-10 02:23:17 +0000] [33] [INFO] Booting worker with pid: 33
[2021-03-10 02:23:17 +0000] [36] [INFO] Booting worker with pid: 36
[2021-03-10 02:23:17 +0000] [38] [INFO] Booting worker with pid: 38
[2021-03-10 02:23:17 +0000] [39] [INFO] Booting worker with pid: 39
[2021-03-10 02:23:17 +0000] [42] [INFO] Booting worker with pid: 42
[2021-03-10 02:23:17 +0000] [44] [INFO] Booting worker with pid: 44
[2021-03-10 02:23:17 +0000] [46] [INFO] Booting worker with pid: 46
[2021-03-10 02:23:17 +0000] [47] [INFO] Booting worker with pid: 47
[2021-03-10 02:23:17 +0000] [50] [INFO] Booting worker with pid: 50
[2021-03-10 02:23:17 +0000] [52] [INFO] Booting worker with pid: 52
[2021-03-10 02:23:17 +0000] [53] [INFO] Booting worker with pid: 53
[2021-03-10 02:23:18 +0000] [56] [INFO] Booting worker with pid: 56
[2021-03-10 02:23:18 +0000] [58] [INFO] Booting worker with pid: 58
[2021-03-10 02:23:18 +0000] [60] [INFO] Booting worker with pid: 60
[2021-03-10 02:23:18 +0000] [62] [INFO] Booting worker with pid: 62
[2021-03-10 02:23:18 +0000] [64] [INFO] Booting worker with pid: 64
[2021-03-10 02:23:18 +0000] [66] [INFO] Booting worker with pid: 66
[2021-03-10 02:23:18 +0000] [67] [INFO] Booting worker with pid: 67
[2021-03-10 02:23:18 +0000] [70] [INFO] Booting worker with pid: 70
[2021-03-10 02:23:18 +0000] [71] [INFO] Booting worker with pid: 71
[2021-03-10 02:23:18 +0000] [74] [INFO] Booting worker with pid: 74
[2021-03-10 02:23:18 +0000] [76] [INFO] Booting worker with pid: 76
[2021-03-10 02:23:18 +0000] [78] [INFO] Booting worker with pid: 78
[2021-03-10 02:23:18 +0000] [80] [INFO] Booting worker with pid: 80
[2021-03-10 02:23:18 +0000] [82] [INFO] Booting worker with pid: 82
[2021-03-10 02:23:18 +0000] [84] [INFO] Booting worker with pid: 84
[2021-03-10 02:23:19 +0000] [86] [INFO] Booting worker with pid: 86
[2021-03-10 02:23:19 +0000] [88] [INFO] Booting worker with pid: 88
[2021-03-10 02:23:19 +0000] [90] [INFO] Booting worker with pid: 90
[2021-03-10 02:23:19 +0000] [92] [INFO] Booting worker with pid: 92
[2021-03-10 02:23:19 +0000] [94] [INFO] Booting worker with pid: 94
[2021-03-10 02:23:19 +0000] [96] [INFO] Booting worker with pid: 96
[2021-03-10 02:23:19 +0000] [98] [INFO] Booting worker with pid: 98
[2021-03-10 02:23:19 +0000] [100] [INFO] Booting worker with pid: 100
[2021-03-10 02:23:19 +0000] [102] [INFO] Booting worker with pid: 102
[2021-03-10 02:23:19 +0000] [104] [INFO] Booting worker with pid: 104
[2021-03-10 02:23:19 +0000] [106] [INFO] Booting worker with pid: 106
[2021-03-10 02:23:19 +0000] [108] [INFO] Booting worker with pid: 108
[2021-03-10 02:23:19 +0000] [110] [INFO] Booting worker with pid: 110
[2021-03-10 02:23:19 +0000] [111] [INFO] Booting worker with pid: 111
[2021-03-10 02:23:19 +0000] [112] [INFO] Booting worker with pid: 112
[2021-03-10 02:23:19 +0000] [116] [INFO] Booting worker with pid: 116
[2021-03-10 02:23:19 +0000] [118] [INFO] Booting worker with pid: 118
[2021-03-10 02:43:03 +0000] [7] [INFO] Starting gunicorn 20.0.4
[2021-03-10 02:43:03 +0000] [7] [INFO] Listening at: http://0.0.0.0:8080 (7)
[2021-03-10 02:43:03 +0000] [7] [INFO] Using worker: threads
[2021-03-10 02:43:03 +0000] [17] [INFO] Booting worker with pid: 17
[2021-03-10 02:43:03 +0000] [19] [INFO] Booting worker with pid: 19
[2021-03-10 02:43:03 +0000] [21] [INFO] Booting worker with pid: 21
[2021-03-10 02:43:03 +0000] [23] [INFO] Booting worker with pid: 23
[2021-03-10 02:43:03 +0000] [25] [INFO] Booting worker with pid: 25
[2021-03-10 02:43:03 +0000] [26] [INFO] Booting worker with pid: 26
[2021-03-10 02:43:03 +0000] [29] [INFO] Booting worker with pid: 29
[2021-03-10 02:43:03 +0000] [31] [INFO] Booting worker with pid: 31
[2021-03-10 02:43:03 +0000] [33] [INFO] Booting worker with pid: 33
[2021-03-10 02:43:03 +0000] [35] [INFO] Booting worker with pid: 35
[2021-03-10 02:43:03 +0000] [37] [INFO] Booting worker with pid: 37
[2021-03-10 02:43:03 +0000] [39] [INFO] Booting worker with pid: 39
[2021-03-10 02:43:03 +0000] [41] [INFO] Booting worker with pid: 41
[2021-03-10 02:43:04 +0000] [43] [INFO] Booting worker with pid: 43
[2021-03-10 02:43:04 +0000] [45] [INFO] Booting worker with pid: 45
[2021-03-10 02:43:04 +0000] [46] [INFO] Booting worker with pid: 46
[2021-03-10 02:43:04 +0000] [49] [INFO] Booting worker with pid: 49
[2021-03-10 02:43:04 +0000] [50] [INFO] Booting worker with pid: 50
[2021-03-10 02:43:04 +0000] [53] [INFO] Booting worker with pid: 53
[2021-03-10 02:43:04 +0000] [55] [INFO] Booting worker with pid: 55
[2021-03-10 02:43:04 +0000] [57] [INFO] Booting worker with pid: 57
[2021-03-10 02:43:04 +0000] [59] [INFO] Booting worker with pid: 59
[2021-03-10 02:43:04 +0000] [61] [INFO] Booting worker with pid: 61
[2021-03-10 02:43:04 +0000] [63] [INFO] Booting worker with pid: 63
[2021-03-10 02:43:04 +0000] [65] [INFO] Booting worker with pid: 65
[2021-03-10 02:43:04 +0000] [67] [INFO] Booting worker with pid: 67
[2021-03-10 02:43:04 +0000] [69] [INFO] Booting worker with pid: 69
[2021-03-10 02:43:04 +0000] [71] [INFO] Booting worker with pid: 71
[2021-03-10 02:43:04 +0000] [73] [INFO] Booting worker with pid: 73
[2021-03-10 02:43:04 +0000] [75] [INFO] Booting worker with pid: 75
[2021-03-10 02:43:04 +0000] [77] [INFO] Booting worker with pid: 77
[2021-03-10 02:43:04 +0000] [79] [INFO] Booting worker with pid: 79
[2021-03-10 02:43:04 +0000] [81] [INFO] Booting worker with pid: 81
[2021-03-10 02:43:04 +0000] [82] [INFO] Booting worker with pid: 82
[2021-03-10 02:43:04 +0000] [85] [INFO] Booting worker with pid: 85
[2021-03-10 02:43:04 +0000] [86] [INFO] Booting worker with pid: 86
[2021-03-10 02:43:04 +0000] [89] [INFO] Booting worker with pid: 89
[2021-03-10 02:43:05 +0000] [91] [INFO] Booting worker with pid: 91
[2021-03-10 02:43:05 +0000] [93] [INFO] Booting worker with pid: 93
[2021-03-10 02:43:05 +0000] [94] [INFO] Booting worker with pid: 94
[2021-03-10 02:43:05 +0000] [97] [INFO] Booting worker with pid: 97
[2021-03-10 02:43:05 +0000] [99] [INFO] Booting worker with pid: 99
[2021-03-10 02:43:05 +0000] [101] [INFO] Booting worker with pid: 101
[2021-03-10 02:43:05 +0000] [103] [INFO] Booting worker with pid: 103
[2021-03-10 02:43:05 +0000] [104] [INFO] Booting worker with pid: 104
[2021-03-10 02:43:05 +0000] [106] [INFO] Booting worker with pid: 106
[2021-03-10 02:43:05 +0000] [109] [INFO] Booting worker with pid: 109
[2021-03-10 02:43:05 +0000] [111] [INFO] Booting worker with pid: 111
[2021-03-10 03:17:34 +0000] [7] [INFO] Starting gunicorn 20.0.4
[2021-03-10 03:17:34 +0000] [7] [INFO] Listening at: http://0.0.0.0:8080 (7)
[2021-03-10 03:17:34 +0000] [7] [INFO] Using worker: threads
[2021-03-10 03:17:34 +0000] [17] [INFO] Booting worker with pid: 17
[2021-03-10 03:17:34 +0000] [19] [INFO] Booting worker with pid: 19
[2021-03-10 03:17:34 +0000] [21] [INFO] Booting worker with pid: 21
[2021-03-10 03:17:35 +0000] [23] [INFO] Booting worker with pid: 23
[2021-03-10 03:17:35 +0000] [25] [INFO] Booting worker with pid: 25
[2021-03-10 03:17:35 +0000] [27] [INFO] Booting worker with pid: 27
[2021-03-10 03:17:35 +0000] [29] [INFO] Booting worker with pid: 29
[2021-03-10 03:17:35 +0000] [31] [INFO] Booting worker with pid: 31
[2021-03-10 03:17:35 +0000] [33] [INFO] Booting worker with pid: 33
[2021-03-10 03:17:35 +0000] [35] [INFO] Booting worker with pid: 35
[2021-03-10 03:17:35 +0000] [37] [INFO] Booting worker with pid: 37
[2021-03-10 03:17:35 +0000] [39] [INFO] Booting worker with pid: 39
[2021-03-10 03:17:35 +0000] [41] [INFO] Booting worker with pid: 41
[2021-03-10 03:17:35 +0000] [43] [INFO] Booting worker with pid: 43
[2021-03-10 03:17:35 +0000] [45] [INFO] Booting worker with pid: 45
[2021-03-10 03:17:35 +0000] [47] [INFO] Booting worker with pid: 47
[2021-03-10 03:17:35 +0000] [48] [INFO] Booting worker with pid: 48
[2021-03-10 03:17:35 +0000] [51] [INFO] Booting worker with pid: 51
[2021-03-10 03:17:35 +0000] [53] [INFO] Booting worker with pid: 53
[2021-03-10 03:17:35 +0000] [55] [INFO] Booting worker with pid: 55
[2021-03-10 03:17:35 +0000] [57] [INFO] Booting worker with pid: 57
[2021-03-10 03:17:36 +0000] [59] [INFO] Booting worker with pid: 59
[2021-03-10 03:17:36 +0000] [60] [INFO] Booting worker with pid: 60
[2021-03-10 03:17:36 +0000] [63] [INFO] Booting worker with pid: 63
[2021-03-10 03:17:36 +0000] [65] [INFO] Booting worker with pid: 65
[2021-03-10 03:17:36 +0000] [66] [INFO] Booting worker with pid: 66
[2021-03-10 03:17:36 +0000] [69] [INFO] Booting worker with pid: 69
[2021-03-10 03:17:36 +0000] [71] [INFO] Booting worker with pid: 71
[2021-03-10 03:17:36 +0000] [73] [INFO] Booting worker with pid: 73
[2021-03-10 03:17:36 +0000] [75] [INFO] Booting worker with pid: 75
[2021-03-10 03:17:36 +0000] [77] [INFO] Booting worker with pid: 77
[2021-03-10 03:17:36 +0000] [79] [INFO] Booting worker with pid: 79
[2021-03-10 03:17:36 +0000] [81] [INFO] Booting worker with pid: 81
[2021-03-10 03:17:36 +0000] [83] [INFO] Booting worker with pid: 83
[2021-03-10 03:17:36 +0000] [85] [INFO] Booting worker with pid: 85
[2021-03-10 03:17:36 +0000] [87] [INFO] Booting worker with pid: 87
[2021-03-10 03:17:36 +0000] [89] [INFO] Booting worker with pid: 89
[2021-03-10 03:17:36 +0000] [91] [INFO] Booting worker with pid: 91
[2021-03-10 03:17:36 +0000] [93] [INFO] Booting worker with pid: 93
[2021-03-10 03:17:36 +0000] [95] [INFO] Booting worker with pid: 95
[2021-03-10 03:17:36 +0000] [97] [INFO] Booting worker with pid: 97
[2021-03-10 03:17:36 +0000] [99] [INFO] Booting worker with pid: 99
[2021-03-10 03:17:37 +0000] [101] [INFO] Booting worker with pid: 101
[2021-03-10 03:17:37 +0000] [103] [INFO] Booting worker with pid: 103
[2021-03-10 03:17:37 +0000] [105] [INFO] Booting worker with pid: 105
[2021-03-10 03:17:37 +0000] [107] [INFO] Booting worker with pid: 107
[2021-03-10 03:17:37 +0000] [109] [INFO] Booting worker with pid: 109
[2021-03-10 03:17:37 +0000] [111] [INFO] Booting worker with pid: 111
[2021-03-10 03:33:40 +0000] [7] [INFO] Starting gunicorn 20.0.4
[2021-03-10 03:33:40 +0000] [7] [INFO] Listening at: http://0.0.0.0:8080 (7)
[2021-03-10 03:33:40 +0000] [7] [INFO] Using worker: threads
[2021-03-10 03:33:40 +0000] [17] [INFO] Booting worker with pid: 17
[2021-03-10 03:33:40 +0000] [18] [INFO] Booting worker with pid: 18
[2021-03-10 03:33:40 +0000] [21] [INFO] Booting worker with pid: 21
[2021-03-10 03:33:40 +0000] [23] [INFO] Booting worker with pid: 23
[2021-03-10 03:33:40 +0000] [25] [INFO] Booting worker with pid: 25
[2021-03-10 03:33:40 +0000] [27] [INFO] Booting worker with pid: 27
[2021-03-10 03:33:40 +0000] [29] [INFO] Booting worker with pid: 29
[2021-03-10 03:33:40 +0000] [31] [INFO] Booting worker with pid: 31
[2021-03-10 03:33:40 +0000] [33] [INFO] Booting worker with pid: 33
[2021-03-10 03:33:40 +0000] [34] [INFO] Booting worker with pid: 34
[2021-03-10 03:33:40 +0000] [37] [INFO] Booting worker with pid: 37
[2021-03-10 03:33:40 +0000] [38] [INFO] Booting worker with pid: 38
[2021-03-10 03:33:40 +0000] [41] [INFO] Booting worker with pid: 41
[2021-03-10 03:33:40 +0000] [43] [INFO] Booting worker with pid: 43
[2021-03-10 03:33:40 +0000] [45] [INFO] Booting worker with pid: 45
[2021-03-10 03:33:41 +0000] [47] [INFO] Booting worker with pid: 47
[2021-03-10 03:33:41 +0000] [48] [INFO] Booting worker with pid: 48
[2021-03-10 03:33:41 +0000] [51] [INFO] Booting worker with pid: 51
[2021-03-10 03:33:41 +0000] [52] [INFO] Booting worker with pid: 52
[2021-03-10 03:33:41 +0000] [55] [INFO] Booting worker with pid: 55
[2021-03-10 03:33:41 +0000] [57] [INFO] Booting worker with pid: 57
[2021-03-10 03:33:41 +0000] [59] [INFO] Booting worker with pid: 59
[2021-03-10 03:33:41 +0000] [61] [INFO] Booting worker with pid: 61
[2021-03-10 03:33:41 +0000] [63] [INFO] Booting worker with pid: 63
[2021-03-10 03:33:41 +0000] [65] [INFO] Booting worker with pid: 65
[2021-03-10 03:33:41 +0000] [67] [INFO] Booting worker with pid: 67
[2021-03-10 03:33:41 +0000] [69] [INFO] Booting worker with pid: 69
[2021-03-10 03:33:41 +0000] [71] [INFO] Booting worker with pid: 71
[2021-03-10 03:33:41 +0000] [72] [INFO] Booting worker with pid: 72
[2021-03-10 03:33:41 +0000] [75] [INFO] Booting worker with pid: 75
[2021-03-10 03:33:41 +0000] [77] [INFO] Booting worker with pid: 77
[2021-03-10 03:33:41 +0000] [79] [INFO] Booting worker with pid: 79
[2021-03-10 03:33:41 +0000] [81] [INFO] Booting worker with pid: 81
[2021-03-10 03:33:41 +0000] [83] [INFO] Booting worker with pid: 83
[2021-03-10 03:33:41 +0000] [85] [INFO] Booting worker with pid: 85
[2021-03-10 03:33:41 +0000] [87] [INFO] Booting worker with pid: 87
[2021-03-10 03:33:42 +0000] [89] [INFO] Booting worker with pid: 89
[2021-03-10 03:33:42 +0000] [91] [INFO] Booting worker with pid: 91
[2021-03-10 03:33:42 +0000] [93] [INFO] Booting worker with pid: 93
[2021-03-10 03:33:42 +0000] [95] [INFO] Booting worker with pid: 95
[2021-03-10 03:33:42 +0000] [97] [INFO] Booting worker with pid: 97
[2021-03-10 03:33:42 +0000] [99] [INFO] Booting worker with pid: 99
[2021-03-10 03:33:42 +0000] [101] [INFO] Booting worker with pid: 101
[2021-03-10 03:33:42 +0000] [103] [INFO] Booting worker with pid: 103
[2021-03-10 03:33:42 +0000] [105] [INFO] Booting worker with pid: 105
[2021-03-10 03:33:42 +0000] [107] [INFO] Booting worker with pid: 107
[2021-03-10 03:33:42 +0000] [109] [INFO] Booting worker with pid: 109
[2021-03-10 03:33:42 +0000] [111] [INFO] Booting worker with pid: 111
[2021-03-10 03:33:59 +0000] [7] [INFO] Starting gunicorn 20.0.4
[2021-03-10 03:33:59 +0000] [7] [INFO] Listening at: http://0.0.0.0:8080 (7)
[2021-03-10 03:33:59 +0000] [7] [INFO] Using worker: threads
[2021-03-10 03:33:59 +0000] [17] [INFO] Booting worker with pid: 17
[2021-03-10 03:33:59 +0000] [19] [INFO] Booting worker with pid: 19
[2021-03-10 03:33:59 +0000] [20] [INFO] Booting worker with pid: 20
[2021-03-10 03:33:59 +0000] [23] [INFO] Booting worker with pid: 23
[2021-03-10 03:33:59 +0000] [24] [INFO] Booting worker with pid: 24
[2021-03-10 03:33:59 +0000] [25] [INFO] Booting worker with pid: 25
[2021-03-10 03:33:59 +0000] [29] [INFO] Booting worker with pid: 29
[2021-03-10 03:33:59 +0000] [31] [INFO] Booting worker with pid: 31
[2021-03-10 03:33:59 +0000] [33] [INFO] Booting worker with pid: 33
[2021-03-10 03:33:59 +0000] [34] [INFO] Booting worker with pid: 34
[2021-03-10 03:33:59 +0000] [37] [INFO] Booting worker with pid: 37
[2021-03-10 03:33:59 +0000] [39] [INFO] Booting worker with pid: 39
[2021-03-10 03:33:59 +0000] [41] [INFO] Booting worker with pid: 41
[2021-03-10 03:33:59 +0000] [43] [INFO] Booting worker with pid: 43
[2021-03-10 03:33:59 +0000] [45] [INFO] Booting worker with pid: 45
[2021-03-10 03:33:59 +0000] [47] [INFO] Booting worker with pid: 47
[2021-03-10 03:33:59 +0000] [48] [INFO] Booting worker with pid: 48
[2021-03-10 03:33:59 +0000] [51] [INFO] Booting worker with pid: 51
[2021-03-10 03:34:00 +0000] [53] [INFO] Booting worker with pid: 53
[2021-03-10 03:34:00 +0000] [55] [INFO] Booting worker with pid: 55
[2021-03-10 03:34:00 +0000] [57] [INFO] Booting worker with pid: 57
[2021-03-10 03:34:00 +0000] [59] [INFO] Booting worker with pid: 59
[2021-03-10 03:34:00 +0000] [61] [INFO] Booting worker with pid: 61
[2021-03-10 03:34:00 +0000] [63] [INFO] Booting worker with pid: 63
[2021-03-10 03:34:00 +0000] [64] [INFO] Booting worker with pid: 64
[2021-03-10 03:34:00 +0000] [66] [INFO] Booting worker with pid: 66
[2021-03-10 03:34:00 +0000] [67] [INFO] Booting worker with pid: 67
[2021-03-10 03:34:00 +0000] [71] [INFO] Booting worker with pid: 71
[2021-03-10 03:34:00 +0000] [73] [INFO] Booting worker with pid: 73
[2021-03-10 03:34:00 +0000] [75] [INFO] Booting worker with pid: 75
[2021-03-10 03:34:00 +0000] [77] [INFO] Booting worker with pid: 77
[2021-03-10 03:34:00 +0000] [79] [INFO] Booting worker with pid: 79
[2021-03-10 03:34:00 +0000] [81] [INFO] Booting worker with pid: 81
[2021-03-10 03:34:00 +0000] [83] [INFO] Booting worker with pid: 83
[2021-03-10 03:34:00 +0000] [85] [INFO] Booting worker with pid: 85
[2021-03-10 03:34:00 +0000] [86] [INFO] Booting worker with pid: 86
[2021-03-10 03:34:00 +0000] [89] [INFO] Booting worker with pid: 89
[2021-03-10 03:34:01 +0000] [91] [INFO] Booting worker with pid: 91
[2021-03-10 03:34:01 +0000] [93] [INFO] Booting worker with pid: 93
[2021-03-10 03:34:01 +0000] [95] [INFO] Booting worker with pid: 95
[2021-03-10 03:34:01 +0000] [97] [INFO] Booting worker with pid: 97
[2021-03-10 03:34:01 +0000] [99] [INFO] Booting worker with pid: 99
[2021-03-10 03:34:01 +0000] [101] [INFO] Booting worker with pid: 101
[2021-03-10 03:34:01 +0000] [103] [INFO] Booting worker with pid: 103
[2021-03-10 03:34:01 +0000] [105] [INFO] Booting worker with pid: 105
[2021-03-10 03:34:01 +0000] [107] [INFO] Booting worker with pid: 107
[2021-03-10 03:34:01 +0000] [109] [INFO] Booting worker with pid: 109
[2021-03-10 03:34:01 +0000] [111] [INFO] Booting worker with pid: 111
[2021-03-12 14:23:34 +0000] [7] [INFO] Starting gunicorn 20.0.4
[2021-03-12 14:23:34 +0000] [7] [INFO] Listening at: http://0.0.0.0:8080 (7)
[2021-03-12 14:23:34 +0000] [7] [INFO] Using worker: threads
[2021-03-12 14:23:34 +0000] [24] [INFO] Booting worker with pid: 24
[2021-03-12 14:23:34 +0000] [25] [INFO] Booting worker with pid: 25
[2021-03-12 14:23:34 +0000] [28] [INFO] Booting worker with pid: 28
[2021-03-12 14:23:34 +0000] [29] [INFO] Booting worker with pid: 29
[2021-03-12 14:23:34 +0000] [32] [INFO] Booting worker with pid: 32
[2021-03-12 14:23:34 +0000] [34] [INFO] Booting worker with pid: 34
[2021-03-12 14:23:34 +0000] [36] [INFO] Booting worker with pid: 36
[2021-03-12 14:23:34 +0000] [38] [INFO] Booting worker with pid: 38
[2021-03-12 14:23:34 +0000] [40] [INFO] Booting worker with pid: 40
[2021-03-12 14:23:34 +0000] [42] [INFO] Booting worker with pid: 42
[2021-03-12 14:23:34 +0000] [44] [INFO] Booting worker with pid: 44
[2021-03-12 14:23:34 +0000] [46] [INFO] Booting worker with pid: 46
[2021-03-12 14:23:34 +0000] [47] [INFO] Booting worker with pid: 47
[2021-03-12 14:23:34 +0000] [50] [INFO] Booting worker with pid: 50
[2021-03-12 14:23:34 +0000] [52] [INFO] Booting worker with pid: 52
[2021-03-12 14:23:35 +0000] [54] [INFO] Booting worker with pid: 54
[2021-03-12 14:23:35 +0000] [56] [INFO] Booting worker with pid: 56
[2021-03-12 14:23:35 +0000] [58] [INFO] Booting worker with pid: 58
[2021-03-12 14:23:35 +0000] [60] [INFO] Booting worker with pid: 60
[2021-03-12 14:23:35 +0000] [62] [INFO] Booting worker with pid: 62
[2021-03-12 14:23:35 +0000] [64] [INFO] Booting worker with pid: 64
[2021-03-12 14:23:35 +0000] [66] [INFO] Booting worker with pid: 66
[2021-03-12 14:23:35 +0000] [68] [INFO] Booting worker with pid: 68
[2021-03-12 14:23:35 +0000] [70] [INFO] Booting worker with pid: 70
[2021-03-12 14:23:35 +0000] [72] [INFO] Booting worker with pid: 72
[2021-03-12 14:23:35 +0000] [74] [INFO] Booting worker with pid: 74
[2021-03-12 14:23:35 +0000] [76] [INFO] Booting worker with pid: 76
[2021-03-12 14:23:35 +0000] [78] [INFO] Booting worker with pid: 78
[2021-03-12 14:23:35 +0000] [80] [INFO] Booting worker with pid: 80
[2021-03-12 14:23:36 +0000] [82] [INFO] Booting worker with pid: 82
[2021-03-12 14:23:36 +0000] [84] [INFO] Booting worker with pid: 84
[2021-03-12 14:23:36 +0000] [86] [INFO] Booting worker with pid: 86
[2021-03-12 14:23:36 +0000] [88] [INFO] Booting worker with pid: 88
[2021-03-12 14:23:36 +0000] [90] [INFO] Booting worker with pid: 90
[2021-03-12 14:23:36 +0000] [92] [INFO] Booting worker with pid: 92
[2021-03-12 14:23:36 +0000] [93] [INFO] Booting worker with pid: 93
[2021-03-12 14:23:36 +0000] [94] [INFO] Booting worker with pid: 94
[2021-03-12 14:23:36 +0000] [95] [INFO] Booting worker with pid: 95
[2021-03-12 14:23:36 +0000] [100] [INFO] Booting worker with pid: 100
[2021-03-12 14:23:36 +0000] [102] [INFO] Booting worker with pid: 102
[2021-03-12 14:23:36 +0000] [103] [INFO] Booting worker with pid: 103
[2021-03-12 14:23:36 +0000] [106] [INFO] Booting worker with pid: 106
[2021-03-12 14:23:36 +0000] [108] [INFO] Booting worker with pid: 108
[2021-03-12 14:23:36 +0000] [110] [INFO] Booting worker with pid: 110
[2021-03-12 14:23:36 +0000] [111] [INFO] Booting worker with pid: 111
[2021-03-12 14:23:36 +0000] [114] [INFO] Booting worker with pid: 114
[2021-03-12 14:23:36 +0000] [116] [INFO] Booting worker with pid: 116
[2021-03-12 14:23:36 +0000] [118] [INFO] Booting worker with pid: 118
[2021-03-12 14:28:10 +0000] [7] [INFO] Starting gunicorn 20.0.4
[2021-03-12 14:28:10 +0000] [7] [INFO] Listening at: http://0.0.0.0:8080 (7)
[2021-03-12 14:28:10 +0000] [7] [INFO] Using worker: threads
[2021-03-12 14:28:10 +0000] [24] [INFO] Booting worker with pid: 24
[2021-03-12 14:28:10 +0000] [25] [INFO] Booting worker with pid: 25
[2021-03-12 14:28:10 +0000] [26] [INFO] Booting worker with pid: 26
[2021-03-12 14:28:10 +0000] [30] [INFO] Booting worker with pid: 30
[2021-03-12 14:28:10 +0000] [31] [INFO] Booting worker with pid: 31
[2021-03-12 14:28:11 +0000] [34] [INFO] Booting worker with pid: 34
[2021-03-12 14:28:11 +0000] [36] [INFO] Booting worker with pid: 36
[2021-03-12 14:28:11 +0000] [38] [INFO] Booting worker with pid: 38
[2021-03-12 14:28:11 +0000] [40] [INFO] Booting worker with pid: 40
[2021-03-12 14:28:11 +0000] [42] [INFO] Booting worker with pid: 42
[2021-03-12 14:28:11 +0000] [44] [INFO] Booting worker with pid: 44
[2021-03-12 14:28:11 +0000] [46] [INFO] Booting worker with pid: 46
[2021-03-12 14:28:11 +0000] [48] [INFO] Booting worker with pid: 48
[2021-03-12 14:28:11 +0000] [50] [INFO] Booting worker with pid: 50
[2021-03-12 14:28:11 +0000] [52] [INFO] Booting worker with pid: 52
[2021-03-12 14:28:11 +0000] [54] [INFO] Booting worker with pid: 54
[2021-03-12 14:28:11 +0000] [55] [INFO] Booting worker with pid: 55
[2021-03-12 14:28:11 +0000] [58] [INFO] Booting worker with pid: 58
[2021-03-12 14:28:11 +0000] [60] [INFO] Booting worker with pid: 60
[2021-03-12 14:28:11 +0000] [61] [INFO] Booting worker with pid: 61
[2021-03-12 14:28:11 +0000] [64] [INFO] Booting worker with pid: 64
[2021-03-12 14:28:11 +0000] [65] [INFO] Booting worker with pid: 65
[2021-03-12 14:28:11 +0000] [67] [INFO] Booting worker with pid: 67
[2021-03-12 14:28:11 +0000] [68] [INFO] Booting worker with pid: 68
[2021-03-12 14:28:11 +0000] [72] [INFO] Booting worker with pid: 72
[2021-03-12 14:28:12 +0000] [74] [INFO] Booting worker with pid: 74
[2021-03-12 14:28:12 +0000] [76] [INFO] Booting worker with pid: 76
[2021-03-12 14:28:12 +0000] [78] [INFO] Booting worker with pid: 78
[2021-03-12 14:28:12 +0000] [80] [INFO] Booting worker with pid: 80
[2021-03-12 14:28:12 +0000] [82] [INFO] Booting worker with pid: 82
[2021-03-12 14:28:12 +0000] [84] [INFO] Booting worker with pid: 84
[2021-03-12 14:28:12 +0000] [86] [INFO] Booting worker with pid: 86
[2021-03-12 14:28:12 +0000] [88] [INFO] Booting worker with pid: 88
[2021-03-12 14:28:12 +0000] [90] [INFO] Booting worker with pid: 90
[2021-03-12 14:28:12 +0000] [92] [INFO] Booting worker with pid: 92
[2021-03-12 14:28:12 +0000] [94] [INFO] Booting worker with pid: 94
[2021-03-12 14:28:12 +0000] [96] [INFO] Booting worker with pid: 96
[2021-03-12 14:28:12 +0000] [98] [INFO] Booting worker with pid: 98
[2021-03-12 14:28:12 +0000] [100] [INFO] Booting worker with pid: 100
[2021-03-12 14:28:13 +0000] [102] [INFO] Booting worker with pid: 102
[2021-03-12 14:28:13 +0000] [104] [INFO] Booting worker with pid: 104
[2021-03-12 14:28:13 +0000] [106] [INFO] Booting worker with pid: 106
[2021-03-12 14:28:13 +0000] [108] [INFO] Booting worker with pid: 108
[2021-03-12 14:28:13 +0000] [110] [INFO] Booting worker with pid: 110
[2021-03-12 14:28:13 +0000] [112] [INFO] Booting worker with pid: 112
[2021-03-12 14:28:13 +0000] [114] [INFO] Booting worker with pid: 114
[2021-03-12 14:28:13 +0000] [116] [INFO] Booting worker with pid: 116
[2021-03-12 14:28:13 +0000] [118] [INFO] Booting worker with pid: 118
[2021-04-10 03:24:48 +0000] [7] [INFO] Starting gunicorn 20.0.4
[2021-04-10 03:24:48 +0000] [7] [INFO] Listening at: http://0.0.0.0:8080 (7)
[2021-04-10 03:24:48 +0000] [7] [INFO] Using worker: threads
[2021-04-10 03:24:48 +0000] [24] [INFO] Booting worker with pid: 24
[2021-04-10 03:24:48 +0000] [25] [INFO] Booting worker with pid: 25
[2021-04-10 03:24:48 +0000] [26] [INFO] Booting worker with pid: 26
[2021-04-10 03:24:48 +0000] [30] [INFO] Booting worker with pid: 30
[2021-04-10 03:24:48 +0000] [31] [INFO] Booting worker with pid: 31
[2021-04-10 03:24:48 +0000] [34] [INFO] Booting worker with pid: 34
[2021-04-10 03:24:48 +0000] [36] [INFO] Booting worker with pid: 36
[2021-04-10 03:24:49 +0000] [38] [INFO] Booting worker with pid: 38
[2021-04-10 03:24:49 +0000] [40] [INFO] Booting worker with pid: 40
[2021-04-10 03:24:49 +0000] [42] [INFO] Booting worker with pid: 42
[2021-04-10 03:24:49 +0000] [44] [INFO] Booting worker with pid: 44
[2021-04-10 03:24:49 +0000] [45] [INFO] Booting worker with pid: 45
[2021-04-10 03:24:49 +0000] [46] [INFO] Booting worker with pid: 46
[2021-04-10 03:24:49 +0000] [50] [INFO] Booting worker with pid: 50
[2021-04-10 03:24:49 +0000] [52] [INFO] Booting worker with pid: 52
[2021-04-10 03:24:49 +0000] [54] [INFO] Booting worker with pid: 54
[2021-04-10 03:24:49 +0000] [56] [INFO] Booting worker with pid: 56
[2021-04-10 03:24:49 +0000] [58] [INFO] Booting worker with pid: 58
[2021-04-10 03:24:49 +0000] [59] [INFO] Booting worker with pid: 59
[2021-04-10 03:24:49 +0000] [62] [INFO] Booting worker with pid: 62
[2021-04-10 03:24:49 +0000] [64] [INFO] Booting worker with pid: 64
[2021-04-10 03:24:49 +0000] [66] [INFO] Booting worker with pid: 66
[2021-04-10 03:24:49 +0000] [68] [INFO] Booting worker with pid: 68
[2021-04-10 03:24:49 +0000] [70] [INFO] Booting worker with pid: 70
[2021-04-10 03:24:49 +0000] [72] [INFO] Booting worker with pid: 72
[2021-04-10 03:24:49 +0000] [74] [INFO] Booting worker with pid: 74
[2021-04-10 03:24:49 +0000] [75] [INFO] Booting worker with pid: 75
[2021-04-10 03:24:50 +0000] [78] [INFO] Booting worker with pid: 78
[2021-04-10 03:24:50 +0000] [80] [INFO] Booting worker with pid: 80
[2021-04-10 03:24:50 +0000] [81] [INFO] Booting worker with pid: 81
[2021-04-10 03:24:50 +0000] [84] [INFO] Booting worker with pid: 84
[2021-04-10 03:24:50 +0000] [86] [INFO] Booting worker with pid: 86
[2021-04-10 03:24:50 +0000] [87] [INFO] Booting worker with pid: 87
[2021-04-10 03:24:50 +0000] [90] [INFO] Booting worker with pid: 90
[2021-04-10 03:24:50 +0000] [91] [INFO] Booting worker with pid: 91
[2021-04-10 03:24:50 +0000] [93] [INFO] Booting worker with pid: 93
[2021-04-10 03:24:50 +0000] [96] [INFO] Booting worker with pid: 96
[2021-04-10 03:24:50 +0000] [98] [INFO] Booting worker with pid: 98
[2021-04-10 03:24:50 +0000] [100] [INFO] Booting worker with pid: 100
[2021-04-10 03:24:50 +0000] [101] [INFO] Booting worker with pid: 101
[2021-04-10 03:24:50 +0000] [104] [INFO] Booting worker with pid: 104
[2021-04-10 03:24:50 +0000] [105] [INFO] Booting worker with pid: 105
[2021-04-10 03:24:50 +0000] [108] [INFO] Booting worker with pid: 108
[2021-04-10 03:24:50 +0000] [110] [INFO] Booting worker with pid: 110
[2021-04-10 03:24:50 +0000] [112] [INFO] Booting worker with pid: 112
[2021-04-10 03:24:50 +0000] [114] [INFO] Booting worker with pid: 114
[2021-04-10 03:24:50 +0000] [116] [INFO] Booting worker with pid: 116
[2021-04-10 03:24:50 +0000] [118] [INFO] Booting worker with pid: 118
[2021-04-11 16:37:36 +0000] [7] [INFO] Starting gunicorn 20.0.4
[2021-04-11 16:37:36 +0000] [7] [INFO] Listening at: http://0.0.0.0:8080 (7)
[2021-04-11 16:37:36 +0000] [7] [INFO] Using worker: threads
[2021-04-11 16:37:36 +0000] [25] [INFO] Booting worker with pid: 25
[2021-04-11 16:37:36 +0000] [27] [INFO] Booting worker with pid: 27
[2021-04-11 16:37:37 +0000] [29] [INFO] Booting worker with pid: 29
[2021-04-11 16:37:37 +0000] [31] [INFO] Booting worker with pid: 31
[2021-04-11 16:37:37 +0000] [32] [INFO] Booting worker with pid: 32
[2021-04-11 16:37:37 +0000] [35] [INFO] Booting worker with pid: 35
[2021-04-11 16:37:37 +0000] [37] [INFO] Booting worker with pid: 37
[2021-04-11 16:37:37 +0000] [38] [INFO] Booting worker with pid: 38
[2021-04-11 16:37:37 +0000] [41] [INFO] Booting worker with pid: 41
[2021-04-11 16:37:37 +0000] [43] [INFO] Booting worker with pid: 43
[2021-04-11 16:37:37 +0000] [45] [INFO] Booting worker with pid: 45
[2021-04-11 16:37:37 +0000] [46] [INFO] Booting worker with pid: 46
[2021-04-11 16:37:37 +0000] [49] [INFO] Booting worker with pid: 49
[2021-04-11 16:37:37 +0000] [50] [INFO] Booting worker with pid: 50
[2021-04-11 16:37:37 +0000] [51] [INFO] Booting worker with pid: 51
[2021-04-11 16:37:37 +0000] [53] [INFO] Booting worker with pid: 53
[2021-04-11 16:37:37 +0000] [57] [INFO] Booting worker with pid: 57
[2021-04-11 16:37:37 +0000] [58] [INFO] Booting worker with pid: 58
[2021-04-11 16:37:37 +0000] [61] [INFO] Booting worker with pid: 61
[2021-04-11 16:37:37 +0000] [63] [INFO] Booting worker with pid: 63
[2021-04-11 16:37:37 +0000] [64] [INFO] Booting worker with pid: 64
[2021-04-11 16:37:37 +0000] [67] [INFO] Booting worker with pid: 67
[2021-04-11 16:37:37 +0000] [69] [INFO] Booting worker with pid: 69
[2021-04-11 16:37:37 +0000] [71] [INFO] Booting worker with pid: 71
[2021-04-11 16:37:37 +0000] [73] [INFO] Booting worker with pid: 73
[2021-04-11 16:37:37 +0000] [75] [INFO] Booting worker with pid: 75
[2021-04-11 16:37:38 +0000] [77] [INFO] Booting worker with pid: 77
[2021-04-11 16:37:38 +0000] [79] [INFO] Booting worker with pid: 79
[2021-04-11 16:37:38 +0000] [81] [INFO] Booting worker with pid: 81
[2021-04-11 16:37:38 +0000] [82] [INFO] Booting worker with pid: 82
[2021-04-11 16:37:38 +0000] [85] [INFO] Booting worker with pid: 85
[2021-04-11 16:37:38 +0000] [87] [INFO] Booting worker with pid: 87
[2021-04-11 16:37:38 +0000] [89] [INFO] Booting worker with pid: 89
[2021-04-11 16:37:38 +0000] [91] [INFO] Booting worker with pid: 91
[2021-04-11 16:37:38 +0000] [93] [INFO] Booting worker with pid: 93
[2021-04-11 16:37:38 +0000] [94] [INFO] Booting worker with pid: 94
[2021-04-11 16:37:38 +0000] [97] [INFO] Booting worker with pid: 97
[2021-04-11 16:37:38 +0000] [98] [INFO] Booting worker with pid: 98
[2021-04-11 16:37:38 +0000] [101] [INFO] Booting worker with pid: 101
[2021-04-11 16:37:38 +0000] [102] [INFO] Booting worker with pid: 102
[2021-04-11 16:37:38 +0000] [103] [INFO] Booting worker with pid: 103
[2021-04-11 16:37:38 +0000] [107] [INFO] Booting worker with pid: 107
[2021-04-11 16:37:38 +0000] [109] [INFO] Booting worker with pid: 109
[2021-04-11 16:37:38 +0000] [111] [INFO] Booting worker with pid: 111
[2021-04-11 16:37:38 +0000] [113] [INFO] Booting worker with pid: 113
[2021-04-11 16:37:38 +0000] [115] [INFO] Booting worker with pid: 115
[2021-04-11 16:37:38 +0000] [117] [INFO] Booting worker with pid: 117
[2021-04-11 16:37:38 +0000] [119] [INFO] Booting worker with pid: 119
[2021-06-17 09:29:00 +0000] [7] [INFO] Starting gunicorn 20.0.4
[2021-06-17 09:29:00 +0000] [7] [INFO] Listening at: http://0.0.0.0:8080 (7)
[2021-06-17 09:29:00 +0000] [7] [INFO] Using worker: threads
[2021-06-17 09:29:00 +0000] [24] [INFO] Booting worker with pid: 24
[2021-06-17 09:29:01 +0000] [25] [INFO] Booting worker with pid: 25
[2021-06-17 09:29:01 +0000] [28] [INFO] Booting worker with pid: 28
[2021-06-17 09:29:01 +0000] [30] [INFO] Booting worker with pid: 30
[2021-06-17 09:29:01 +0000] [32] [INFO] Booting worker with pid: 32
[2021-06-17 09:29:01 +0000] [34] [INFO] Booting worker with pid: 34
[2021-06-17 09:29:01 +0000] [36] [INFO] Booting worker with pid: 36
[2021-06-17 09:29:01 +0000] [38] [INFO] Booting worker with pid: 38
[2021-06-17 09:29:01 +0000] [40] [INFO] Booting worker with pid: 40
[2021-06-17 09:29:01 +0000] [42] [INFO] Booting worker with pid: 42
[2021-06-17 09:29:01 +0000] [43] [INFO] Booting worker with pid: 43
[2021-06-17 09:29:01 +0000] [46] [INFO] Booting worker with pid: 46
[2021-06-17 09:29:01 +0000] [48] [INFO] Booting worker with pid: 48
[2021-06-17 09:29:01 +0000] [50] [INFO] Booting worker with pid: 50
[2021-06-17 09:29:01 +0000] [52] [INFO] Booting worker with pid: 52
[2021-06-17 09:29:01 +0000] [54] [INFO] Booting worker with pid: 54
[2021-06-17 09:29:01 +0000] [56] [INFO] Booting worker with pid: 56
[2021-06-17 09:29:01 +0000] [58] [INFO] Booting worker with pid: 58
[2021-06-17 09:29:01 +0000] [60] [INFO] Booting worker with pid: 60
[2021-06-17 09:29:01 +0000] [62] [INFO] Booting worker with pid: 62
[2021-06-17 09:29:01 +0000] [64] [INFO] Booting worker with pid: 64
[2021-06-17 09:29:01 +0000] [65] [INFO] Booting worker with pid: 65
[2021-06-17 09:29:01 +0000] [68] [INFO] Booting worker with pid: 68
[2021-06-17 09:29:02 +0000] [70] [INFO] Booting worker with pid: 70
[2021-06-17 09:29:02 +0000] [72] [INFO] Booting worker with pid: 72
[2021-06-17 09:29:02 +0000] [74] [INFO] Booting worker with pid: 74
[2021-06-17 09:29:02 +0000] [76] [INFO] Booting worker with pid: 76
[2021-06-17 09:29:02 +0000] [78] [INFO] Booting worker with pid: 78
[2021-06-17 09:29:02 +0000] [80] [INFO] Booting worker with pid: 80
[2021-06-17 09:29:02 +0000] [82] [INFO] Booting worker with pid: 82
[2021-06-17 09:29:02 +0000] [84] [INFO] Booting worker with pid: 84
[2021-06-17 09:29:02 +0000] [86] [INFO] Booting worker with pid: 86
[2021-06-17 09:29:02 +0000] [87] [INFO] Booting worker with pid: 87
[2021-06-17 09:29:02 +0000] [89] [INFO] Booting worker with pid: 89
[2021-06-17 09:29:02 +0000] [92] [INFO] Booting worker with pid: 92
[2021-06-17 09:29:02 +0000] [93] [INFO] Booting worker with pid: 93
[2021-06-17 09:29:02 +0000] [96] [INFO] Booting worker with pid: 96
[2021-06-17 09:29:02 +0000] [98] [INFO] Booting worker with pid: 98
[2021-06-17 09:29:02 +0000] [100] [INFO] Booting worker with pid: 100
[2021-06-17 09:29:02 +0000] [102] [INFO] Booting worker with pid: 102
[2021-06-17 09:29:02 +0000] [104] [INFO] Booting worker with pid: 104
[2021-06-17 09:29:02 +0000] [106] [INFO] Booting worker with pid: 106
[2021-06-17 09:29:02 +0000] [108] [INFO] Booting worker with pid: 108
[2021-06-17 09:29:03 +0000] [110] [INFO] Booting worker with pid: 110
[2021-06-17 09:29:03 +0000] [112] [INFO] Booting worker with pid: 112
[2021-06-17 09:29:03 +0000] [114] [INFO] Booting worker with pid: 114
[2021-06-17 09:29:03 +0000] [116] [INFO] Booting worker with pid: 116
[2021-06-17 09:29:03 +0000] [117] [INFO] Booting worker with pid: 117
[2021-06-17 14:46:00 +0000] [7] [INFO] Starting gunicorn 20.0.4
[2021-06-17 14:46:00 +0000] [7] [INFO] Listening at: http://0.0.0.0:8080 (7)
[2021-06-17 14:46:00 +0000] [7] [INFO] Using worker: threads
[2021-06-17 14:46:00 +0000] [24] [INFO] Booting worker with pid: 24
[2021-06-17 14:46:01 +0000] [25] [INFO] Booting worker with pid: 25
[2021-06-17 14:46:01 +0000] [26] [INFO] Booting worker with pid: 26
[2021-06-17 14:46:01 +0000] [27] [INFO] Booting worker with pid: 27
[2021-06-17 14:46:01 +0000] [32] [INFO] Booting worker with pid: 32
[2021-06-17 14:46:01 +0000] [34] [INFO] Booting worker with pid: 34
[2021-06-17 14:46:01 +0000] [36] [INFO] Booting worker with pid: 36
[2021-06-17 14:46:01 +0000] [37] [INFO] Booting worker with pid: 37
[2021-06-17 14:46:01 +0000] [40] [INFO] Booting worker with pid: 40
[2021-06-17 14:46:01 +0000] [42] [INFO] Booting worker with pid: 42
[2021-06-17 14:46:01 +0000] [44] [INFO] Booting worker with pid: 44
[2021-06-17 14:46:01 +0000] [46] [INFO] Booting worker with pid: 46
[2021-06-17 14:46:01 +0000] [48] [INFO] Booting worker with pid: 48
[2021-06-17 14:46:01 +0000] [50] [INFO] Booting worker with pid: 50
[2021-06-17 14:46:01 +0000] [52] [INFO] Booting worker with pid: 52
[2021-06-17 14:46:01 +0000] [54] [INFO] Booting worker with pid: 54
[2021-06-17 14:46:01 +0000] [55] [INFO] Booting worker with pid: 55
[2021-06-17 14:46:01 +0000] [57] [INFO] Booting worker with pid: 57
[2021-06-17 14:46:01 +0000] [60] [INFO] Booting worker with pid: 60
[2021-06-17 14:46:01 +0000] [62] [INFO] Booting worker with pid: 62
[2021-06-17 14:46:02 +0000] [64] [INFO] Booting worker with pid: 64
[2021-06-17 14:46:02 +0000] [66] [INFO] Booting worker with pid: 66
[2021-06-17 14:46:02 +0000] [67] [INFO] Booting worker with pid: 67
[2021-06-17 14:46:02 +0000] [70] [INFO] Booting worker with pid: 70
[2021-06-17 14:46:02 +0000] [72] [INFO] Booting worker with pid: 72
[2021-06-17 14:46:02 +0000] [74] [INFO] Booting worker with pid: 74
[2021-06-17 14:46:02 +0000] [75] [INFO] Booting worker with pid: 75
[2021-06-17 14:46:02 +0000] [78] [INFO] Booting worker with pid: 78
[2021-06-17 14:46:02 +0000] [79] [INFO] Booting worker with pid: 79
[2021-06-17 14:46:02 +0000] [82] [INFO] Booting worker with pid: 82
[2021-06-17 14:46:02 +0000] [84] [INFO] Booting worker with pid: 84
[2021-06-17 14:46:02 +0000] [85] [INFO] Booting worker with pid: 85
[2021-06-17 14:46:02 +0000] [88] [INFO] Booting worker with pid: 88
[2021-06-17 14:46:02 +0000] [90] [INFO] Booting worker with pid: 90
[2021-06-17 14:46:02 +0000] [91] [INFO] Booting worker with pid: 91
[2021-06-17 14:46:02 +0000] [93] [INFO] Booting worker with pid: 93
[2021-06-17 14:46:02 +0000] [96] [INFO] Booting worker with pid: 96
[2021-06-17 14:46:02 +0000] [97] [INFO] Booting worker with pid: 97
[2021-06-17 14:46:02 +0000] [98] [INFO] Booting worker with pid: 98
[2021-06-17 14:46:02 +0000] [102] [INFO] Booting worker with pid: 102
[2021-06-17 14:46:02 +0000] [104] [INFO] Booting worker with pid: 104
[2021-06-17 14:46:02 +0000] [106] [INFO] Booting worker with pid: 106
[2021-06-17 14:46:02 +0000] [108] [INFO] Booting worker with pid: 108
[2021-06-17 14:46:02 +0000] [110] [INFO] Booting worker with pid: 110
[2021-06-17 14:46:02 +0000] [112] [INFO] Booting worker with pid: 112
[2021-06-17 14:46:03 +0000] [114] [INFO] Booting worker with pid: 114
[2021-06-17 14:46:03 +0000] [116] [INFO] Booting worker with pid: 116
[2021-06-17 14:46:03 +0000] [118] [INFO] Booting worker with pid: 118
[2021-06-17 15:06:05 +0000] [7] [INFO] Starting gunicorn 20.0.4
[2021-06-17 15:06:05 +0000] [7] [INFO] Listening at: http://0.0.0.0:8080 (7)
[2021-06-17 15:06:05 +0000] [7] [INFO] Using worker: threads
[2021-06-17 15:06:05 +0000] [25] [INFO] Booting worker with pid: 25
[2021-06-17 15:06:05 +0000] [26] [INFO] Booting worker with pid: 26
[2021-06-17 15:06:05 +0000] [29] [INFO] Booting worker with pid: 29
[2021-06-17 15:06:05 +0000] [30] [INFO] Booting worker with pid: 30
[2021-06-17 15:06:05 +0000] [33] [INFO] Booting worker with pid: 33
[2021-06-17 15:06:05 +0000] [35] [INFO] Booting worker with pid: 35
[2021-06-17 15:06:05 +0000] [37] [INFO] Booting worker with pid: 37
[2021-06-17 15:06:05 +0000] [39] [INFO] Booting worker with pid: 39
[2021-06-17 15:06:05 +0000] [40] [INFO] Booting worker with pid: 40
[2021-06-17 15:06:05 +0000] [43] [INFO] Booting worker with pid: 43
[2021-06-17 15:06:05 +0000] [45] [INFO] Booting worker with pid: 45
[2021-06-17 15:06:05 +0000] [47] [INFO] Booting worker with pid: 47
[2021-06-17 15:06:05 +0000] [49] [INFO] Booting worker with pid: 49
[2021-06-17 15:06:05 +0000] [51] [INFO] Booting worker with pid: 51
[2021-06-17 15:06:05 +0000] [53] [INFO] Booting worker with pid: 53
[2021-06-17 15:06:06 +0000] [55] [INFO] Booting worker with pid: 55
[2021-06-17 15:06:06 +0000] [57] [INFO] Booting worker with pid: 57
[2021-06-17 15:06:06 +0000] [59] [INFO] Booting worker with pid: 59
[2021-06-17 15:06:06 +0000] [61] [INFO] Booting worker with pid: 61
[2021-06-17 15:06:06 +0000] [63] [INFO] Booting worker with pid: 63
[2021-06-17 15:06:06 +0000] [65] [INFO] Booting worker with pid: 65
[2021-06-17 15:06:06 +0000] [67] [INFO] Booting worker with pid: 67
[2021-06-17 15:06:06 +0000] [69] [INFO] Booting worker with pid: 69
[2021-06-17 15:06:06 +0000] [70] [INFO] Booting worker with pid: 70
[2021-06-17 15:06:06 +0000] [72] [INFO] Booting worker with pid: 72
[2021-06-17 15:06:06 +0000] [74] [INFO] Booting worker with pid: 74
[2021-06-17 15:06:06 +0000] [75] [INFO] Booting worker with pid: 75
[2021-06-17 15:06:06 +0000] [79] [INFO] Booting worker with pid: 79
[2021-06-17 15:06:06 +0000] [81] [INFO] Booting worker with pid: 81
[2021-06-17 15:06:06 +0000] [83] [INFO] Booting worker with pid: 83
[2021-06-17 15:06:06 +0000] [84] [INFO] Booting worker with pid: 84
[2021-06-17 15:06:06 +0000] [87] [INFO] Booting worker with pid: 87
[2021-06-17 15:06:06 +0000] [89] [INFO] Booting worker with pid: 89
[2021-06-17 15:06:06 +0000] [91] [INFO] Booting worker with pid: 91
[2021-06-17 15:06:06 +0000] [93] [INFO] Booting worker with pid: 93
[2021-06-17 15:06:07 +0000] [95] [INFO] Booting worker with pid: 95
[2021-06-17 15:06:07 +0000] [97] [INFO] Booting worker with pid: 97
[2021-06-17 15:06:07 +0000] [99] [INFO] Booting worker with pid: 99
[2021-06-17 15:06:07 +0000] [101] [INFO] Booting worker with pid: 101
[2021-06-17 15:06:07 +0000] [103] [INFO] Booting worker with pid: 103
[2021-06-17 15:06:07 +0000] [105] [INFO] Booting worker with pid: 105
[2021-06-17 15:06:07 +0000] [107] [INFO] Booting worker with pid: 107
[2021-06-17 15:06:07 +0000] [108] [INFO] Booting worker with pid: 108
[2021-06-17 15:06:07 +0000] [111] [INFO] Booting worker with pid: 111
[2021-06-17 15:06:07 +0000] [113] [INFO] Booting worker with pid: 113
[2021-06-17 15:06:07 +0000] [115] [INFO] Booting worker with pid: 115
[2021-06-17 15:06:07 +0000] [117] [INFO] Booting worker with pid: 117
[2021-06-17 15:06:07 +0000] [119] [INFO] Booting worker with pid: 119
[2021-07-03 08:08:14 +0000] [7] [INFO] Starting gunicorn 20.0.4
[2021-07-03 08:08:15 +0000] [7] [INFO] Listening at: http://0.0.0.0:8080 (7)
[2021-07-03 08:08:15 +0000] [7] [INFO] Using worker: threads
[2021-07-03 08:08:15 +0000] [24] [INFO] Booting worker with pid: 24
[2021-07-03 08:08:15 +0000] [25] [INFO] Booting worker with pid: 25
[2021-07-03 08:08:15 +0000] [26] [INFO] Booting worker with pid: 26
[2021-07-03 08:08:15 +0000] [27] [INFO] Booting worker with pid: 27
[2021-07-03 08:08:15 +0000] [28] [INFO] Booting worker with pid: 28
[2021-07-03 08:08:15 +0000] [29] [INFO] Booting worker with pid: 29
[2021-07-03 08:08:15 +0000] [30] [INFO] Booting worker with pid: 30
[2021-07-03 08:08:15 +0000] [38] [INFO] Booting worker with pid: 38
[2021-07-03 08:08:15 +0000] [40] [INFO] Booting worker with pid: 40
[2021-07-03 08:08:15 +0000] [42] [INFO] Booting worker with pid: 42
[2021-07-03 08:08:15 +0000] [44] [INFO] Booting worker with pid: 44
[2021-07-03 08:08:15 +0000] [46] [INFO] Booting worker with pid: 46
[2021-07-03 08:08:15 +0000] [47] [INFO] Booting worker with pid: 47
[2021-07-03 08:08:15 +0000] [50] [INFO] Booting worker with pid: 50
[2021-07-03 08:08:15 +0000] [52] [INFO] Booting worker with pid: 52
[2021-07-03 08:08:15 +0000] [54] [INFO] Booting worker with pid: 54
[2021-07-03 08:08:15 +0000] [56] [INFO] Booting worker with pid: 56
[2021-07-03 08:08:15 +0000] [58] [INFO] Booting worker with pid: 58
[2021-07-03 08:08:15 +0000] [60] [INFO] Booting worker with pid: 60
[2021-07-03 08:08:16 +0000] [62] [INFO] Booting worker with pid: 62
[2021-07-03 08:08:16 +0000] [64] [INFO] Booting worker with pid: 64
[2021-07-03 08:08:16 +0000] [66] [INFO] Booting worker with pid: 66
[2021-07-03 08:08:16 +0000] [68] [INFO] Booting worker with pid: 68
[2021-07-03 08:08:16 +0000] [69] [INFO] Booting worker with pid: 69
[2021-07-03 08:08:16 +0000] [72] [INFO] Booting worker with pid: 72
[2021-07-03 08:08:16 +0000] [74] [INFO] Booting worker with pid: 74
[2021-07-03 08:08:16 +0000] [76] [INFO] Booting worker with pid: 76
[2021-07-03 08:08:16 +0000] [77] [INFO] Booting worker with pid: 77
[2021-07-03 08:08:16 +0000] [80] [INFO] Booting worker with pid: 80
[2021-07-03 08:08:16 +0000] [82] [INFO] Booting worker with pid: 82
[2021-07-03 08:08:16 +0000] [84] [INFO] Booting worker with pid: 84
[2021-07-03 08:08:16 +0000] [85] [INFO] Booting worker with pid: 85
[2021-07-03 08:08:16 +0000] [88] [INFO] Booting worker with pid: 88
[2021-07-03 08:08:16 +0000] [90] [INFO] Booting worker with pid: 90
[2021-07-03 08:08:16 +0000] [92] [INFO] Booting worker with pid: 92
[2021-07-03 08:08:16 +0000] [93] [INFO] Booting worker with pid: 93
[2021-07-03 08:08:16 +0000] [96] [INFO] Booting worker with pid: 96
[2021-07-03 08:08:16 +0000] [98] [INFO] Booting worker with pid: 98
[2021-07-03 08:08:16 +0000] [100] [INFO] Booting worker with pid: 100
[2021-07-03 08:08:17 +0000] [102] [INFO] Booting worker with pid: 102
[2021-07-03 08:08:17 +0000] [103] [INFO] Booting worker with pid: 103
[2021-07-03 08:08:17 +0000] [106] [INFO] Booting worker with pid: 106
[2021-07-03 08:08:17 +0000] [108] [INFO] Booting worker with pid: 108
[2021-07-03 08:08:17 +0000] [110] [INFO] Booting worker with pid: 110
[2021-07-03 08:08:17 +0000] [112] [INFO] Booting worker with pid: 112
[2021-07-03 08:08:17 +0000] [114] [INFO] Booting worker with pid: 114
[2021-07-03 08:08:17 +0000] [116] [INFO] Booting worker with pid: 116
[2021-07-03 08:08:17 +0000] [118] [INFO] Booting worker with pid: 118
[2021-07-06 12:50:27 +0000] [7] [INFO] Starting gunicorn 20.0.4
[2021-07-06 12:50:27 +0000] [7] [INFO] Listening at: http://0.0.0.0:8080 (7)
[2021-07-06 12:50:27 +0000] [7] [INFO] Using worker: threads
[2021-07-06 12:50:27 +0000] [24] [INFO] Booting worker with pid: 24
[2021-07-06 12:50:27 +0000] [25] [INFO] Booting worker with pid: 25
[2021-07-06 12:50:27 +0000] [26] [INFO] Booting worker with pid: 26
[2021-07-06 12:50:27 +0000] [30] [INFO] Booting worker with pid: 30
[2021-07-06 12:50:27 +0000] [32] [INFO] Booting worker with pid: 32
[2021-07-06 12:50:28 +0000] [34] [INFO] Booting worker with pid: 34
[2021-07-06 12:50:28 +0000] [36] [INFO] Booting worker with pid: 36
[2021-07-06 12:50:28 +0000] [38] [INFO] Booting worker with pid: 38
[2021-07-06 12:50:28 +0000] [40] [INFO] Booting worker with pid: 40
[2021-07-06 12:50:28 +0000] [42] [INFO] Booting worker with pid: 42
[2021-07-06 12:50:28 +0000] [44] [INFO] Booting worker with pid: 44
[2021-07-06 12:50:28 +0000] [46] [INFO] Booting worker with pid: 46
[2021-07-06 12:50:28 +0000] [48] [INFO] Booting worker with pid: 48
[2021-07-06 12:50:28 +0000] [50] [INFO] Booting worker with pid: 50
[2021-07-06 12:50:28 +0000] [52] [INFO] Booting worker with pid: 52
[2021-07-06 12:50:28 +0000] [54] [INFO] Booting worker with pid: 54
[2021-07-06 12:50:28 +0000] [56] [INFO] Booting worker with pid: 56
[2021-07-06 12:50:28 +0000] [58] [INFO] Booting worker with pid: 58
[2021-07-06 12:50:28 +0000] [60] [INFO] Booting worker with pid: 60
[2021-07-06 12:50:28 +0000] [62] [INFO] Booting worker with pid: 62
[2021-07-06 12:50:28 +0000] [64] [INFO] Booting worker with pid: 64
[2021-07-06 12:50:28 +0000] [66] [INFO] Booting worker with pid: 66
[2021-07-06 12:50:28 +0000] [68] [INFO] Booting worker with pid: 68
[2021-07-06 12:50:29 +0000] [70] [INFO] Booting worker with pid: 70
[2021-07-06 12:50:29 +0000] [72] [INFO] Booting worker with pid: 72
[2021-07-06 12:50:29 +0000] [74] [INFO] Booting worker with pid: 74
[2021-07-06 12:50:29 +0000] [76] [INFO] Booting worker with pid: 76
[2021-07-06 12:50:29 +0000] [78] [INFO] Booting worker with pid: 78
[2021-07-06 12:50:29 +0000] [80] [INFO] Booting worker with pid: 80
[2021-07-06 12:50:29 +0000] [82] [INFO] Booting worker with pid: 82
[2021-07-06 12:50:29 +0000] [84] [INFO] Booting worker with pid: 84
[2021-07-06 12:50:29 +0000] [85] [INFO] Booting worker with pid: 85
[2021-07-06 12:50:29 +0000] [88] [INFO] Booting worker with pid: 88
[2021-07-06 12:50:29 +0000] [90] [INFO] Booting worker with pid: 90
[2021-07-06 12:50:29 +0000] [92] [INFO] Booting worker with pid: 92
[2021-07-06 12:50:29 +0000] [93] [INFO] Booting worker with pid: 93
[2021-07-06 12:50:29 +0000] [96] [INFO] Booting worker with pid: 96
[2021-07-06 12:50:29 +0000] [98] [INFO] Booting worker with pid: 98
[2021-07-06 12:50:29 +0000] [100] [INFO] Booting worker with pid: 100
[2021-07-06 12:50:29 +0000] [102] [INFO] Booting worker with pid: 102
[2021-07-06 12:50:29 +0000] [104] [INFO] Booting worker with pid: 104
[2021-07-06 12:50:29 +0000] [106] [INFO] Booting worker with pid: 106
[2021-07-06 12:50:30 +0000] [107] [INFO] Booting worker with pid: 107
[2021-07-06 12:50:30 +0000] [110] [INFO] Booting worker with pid: 110
[2021-07-06 12:50:30 +0000] [111] [INFO] Booting worker with pid: 111
[2021-07-06 12:50:30 +0000] [114] [INFO] Booting worker with pid: 114
[2021-07-06 12:50:30 +0000] [116] [INFO] Booting worker with pid: 116
[2021-07-06 12:50:30 +0000] [118] [INFO] Booting worker with pid: 118
[2021-07-07 02:43:31 +0000] [7] [INFO] Starting gunicorn 20.0.4
[2021-07-07 02:43:31 +0000] [7] [INFO] Listening at: http://0.0.0.0:8080 (7)
[2021-07-07 02:43:31 +0000] [7] [INFO] Using worker: threads
[2021-07-07 02:43:31 +0000] [24] [INFO] Booting worker with pid: 24
[2021-07-07 02:43:31 +0000] [25] [INFO] Booting worker with pid: 25
[2021-07-07 02:43:31 +0000] [26] [INFO] Booting worker with pid: 26
[2021-07-07 02:43:31 +0000] [27] [INFO] Booting worker with pid: 27
[2021-07-07 02:43:31 +0000] [32] [INFO] Booting worker with pid: 32
[2021-07-07 02:43:31 +0000] [33] [INFO] Booting worker with pid: 33
[2021-07-07 02:43:31 +0000] [36] [INFO] Booting worker with pid: 36
[2021-07-07 02:43:31 +0000] [38] [INFO] Booting worker with pid: 38
[2021-07-07 02:43:31 +0000] [40] [INFO] Booting worker with pid: 40
[2021-07-07 02:43:31 +0000] [42] [INFO] Booting worker with pid: 42
[2021-07-07 02:43:31 +0000] [43] [INFO] Booting worker with pid: 43
[2021-07-07 02:43:31 +0000] [44] [INFO] Booting worker with pid: 44
[2021-07-07 02:43:31 +0000] [48] [INFO] Booting worker with pid: 48
[2021-07-07 02:43:31 +0000] [49] [INFO] Booting worker with pid: 49
[2021-07-07 02:43:32 +0000] [52] [INFO] Booting worker with pid: 52
[2021-07-07 02:43:32 +0000] [54] [INFO] Booting worker with pid: 54
[2021-07-07 02:43:32 +0000] [56] [INFO] Booting worker with pid: 56
[2021-07-07 02:43:32 +0000] [58] [INFO] Booting worker with pid: 58
[2021-07-07 02:43:32 +0000] [60] [INFO] Booting worker with pid: 60
[2021-07-07 02:43:32 +0000] [61] [INFO] Booting worker with pid: 61
[2021-07-07 02:43:32 +0000] [62] [INFO] Booting worker with pid: 62
[2021-07-07 02:43:32 +0000] [66] [INFO] Booting worker with pid: 66
[2021-07-07 02:43:32 +0000] [68] [INFO] Booting worker with pid: 68
[2021-07-07 02:43:32 +0000] [70] [INFO] Booting worker with pid: 70
[2021-07-07 02:43:32 +0000] [71] [INFO] Booting worker with pid: 71
[2021-07-07 02:43:32 +0000] [74] [INFO] Booting worker with pid: 74
[2021-07-07 02:43:32 +0000] [76] [INFO] Booting worker with pid: 76
[2021-07-07 02:43:32 +0000] [78] [INFO] Booting worker with pid: 78
[2021-07-07 02:43:32 +0000] [80] [INFO] Booting worker with pid: 80
[2021-07-07 02:43:32 +0000] [82] [INFO] Booting worker with pid: 82
[2021-07-07 02:43:32 +0000] [84] [INFO] Booting worker with pid: 84
[2021-07-07 02:43:32 +0000] [85] [INFO] Booting worker with pid: 85
[2021-07-07 02:43:32 +0000] [86] [INFO] Booting worker with pid: 86
[2021-07-07 02:43:32 +0000] [90] [INFO] Booting worker with pid: 90
[2021-07-07 02:43:32 +0000] [92] [INFO] Booting worker with pid: 92
[2021-07-07 02:43:32 +0000] [93] [INFO] Booting worker with pid: 93
[2021-07-07 02:43:32 +0000] [94] [INFO] Booting worker with pid: 94
[2021-07-07 02:43:33 +0000] [98] [INFO] Booting worker with pid: 98
[2021-07-07 02:43:33 +0000] [99] [INFO] Booting worker with pid: 99
[2021-07-07 02:43:33 +0000] [102] [INFO] Booting worker with pid: 102
[2021-07-07 02:43:33 +0000] [104] [INFO] Booting worker with pid: 104
[2021-07-07 02:43:33 +0000] [106] [INFO] Booting worker with pid: 106
[2021-07-07 02:43:33 +0000] [108] [INFO] Booting worker with pid: 108
[2021-07-07 02:43:33 +0000] [110] [INFO] Booting worker with pid: 110
[2021-07-07 02:43:33 +0000] [112] [INFO] Booting worker with pid: 112
[2021-07-07 02:43:33 +0000] [114] [INFO] Booting worker with pid: 114
[2021-07-07 02:43:33 +0000] [115] [INFO] Booting worker with pid: 115
[2021-07-07 02:43:33 +0000] [116] [INFO] Booting worker with pid: 116
[2021-07-08 04:49:10 +0000] [7] [INFO] Starting gunicorn 20.0.4
[2021-07-08 04:49:10 +0000] [7] [INFO] Listening at: http://0.0.0.0:8080 (7)
[2021-07-08 04:49:10 +0000] [7] [INFO] Using worker: threads
[2021-07-08 04:49:10 +0000] [24] [INFO] Booting worker with pid: 24
[2021-07-08 04:49:10 +0000] [25] [INFO] Booting worker with pid: 25
[2021-07-08 04:49:11 +0000] [28] [INFO] Booting worker with pid: 28
[2021-07-08 04:49:11 +0000] [30] [INFO] Booting worker with pid: 30
[2021-07-08 04:49:11 +0000] [31] [INFO] Booting worker with pid: 31
[2021-07-08 04:49:11 +0000] [34] [INFO] Booting worker with pid: 34
[2021-07-08 04:49:11 +0000] [36] [INFO] Booting worker with pid: 36
[2021-07-08 04:49:11 +0000] [38] [INFO] Booting worker with pid: 38
[2021-07-08 04:49:11 +0000] [40] [INFO] Booting worker with pid: 40
[2021-07-08 04:49:11 +0000] [42] [INFO] Booting worker with pid: 42
[2021-07-08 04:49:11 +0000] [43] [INFO] Booting worker with pid: 43
[2021-07-08 04:49:11 +0000] [46] [INFO] Booting worker with pid: 46
[2021-07-08 04:49:11 +0000] [48] [INFO] Booting worker with pid: 48
[2021-07-08 04:49:11 +0000] [50] [INFO] Booting worker with pid: 50
[2021-07-08 04:49:11 +0000] [51] [INFO] Booting worker with pid: 51
[2021-07-08 04:49:11 +0000] [54] [INFO] Booting worker with pid: 54
[2021-07-08 04:49:11 +0000] [55] [INFO] Booting worker with pid: 55
[2021-07-08 04:49:11 +0000] [58] [INFO] Booting worker with pid: 58
[2021-07-08 04:49:11 +0000] [60] [INFO] Booting worker with pid: 60
[2021-07-08 04:49:11 +0000] [62] [INFO] Booting worker with pid: 62
[2021-07-08 04:49:11 +0000] [64] [INFO] Booting worker with pid: 64
[2021-07-08 04:49:11 +0000] [66] [INFO] Booting worker with pid: 66
[2021-07-08 04:49:12 +0000] [68] [INFO] Booting worker with pid: 68
[2021-07-08 04:49:12 +0000] [70] [INFO] Booting worker with pid: 70
[2021-07-08 04:49:12 +0000] [72] [INFO] Booting worker with pid: 72
[2021-07-08 04:49:12 +0000] [74] [INFO] Booting worker with pid: 74
[2021-07-08 04:49:12 +0000] [76] [INFO] Booting worker with pid: 76
[2021-07-08 04:49:12 +0000] [77] [INFO] Booting worker with pid: 77
[2021-07-08 04:49:12 +0000] [80] [INFO] Booting worker with pid: 80
[2021-07-08 04:49:12 +0000] [82] [INFO] Booting worker with pid: 82
[2021-07-08 04:49:12 +0000] [84] [INFO] Booting worker with pid: 84
[2021-07-08 04:49:12 +0000] [86] [INFO] Booting worker with pid: 86
[2021-07-08 04:49:12 +0000] [88] [INFO] Booting worker with pid: 88
[2021-07-08 04:49:12 +0000] [90] [INFO] Booting worker with pid: 90
[2021-07-08 04:49:12 +0000] [92] [INFO] Booting worker with pid: 92
[2021-07-08 04:49:12 +0000] [94] [INFO] Booting worker with pid: 94
[2021-07-08 04:49:12 +0000] [95] [INFO] Booting worker with pid: 95
[2021-07-08 04:49:12 +0000] [98] [INFO] Booting worker with pid: 98
[2021-07-08 04:49:12 +0000] [100] [INFO] Booting worker with pid: 100
[2021-07-08 04:49:12 +0000] [101] [INFO] Booting worker with pid: 101
[2021-07-08 04:49:12 +0000] [102] [INFO] Booting worker with pid: 102
[2021-07-08 04:49:12 +0000] [106] [INFO] Booting worker with pid: 106
[2021-07-08 04:49:12 +0000] [108] [INFO] Booting worker with pid: 108
[2021-07-08 04:49:12 +0000] [109] [INFO] Booting worker with pid: 109
[2021-07-08 04:49:13 +0000] [112] [INFO] Booting worker with pid: 112
[2021-07-08 04:49:13 +0000] [114] [INFO] Booting worker with pid: 114
[2021-07-08 04:49:13 +0000] [116] [INFO] Booting worker with pid: 116
[2021-07-08 04:49:13 +0000] [118] [INFO] Booting worker with pid: 118
[2021-07-18 12:59:05 +0000] [7] [INFO] Starting gunicorn 20.0.4
[2021-07-18 12:59:05 +0000] [7] [INFO] Listening at: http://0.0.0.0:8080 (7)
[2021-07-18 12:59:05 +0000] [7] [INFO] Using worker: threads
[2021-07-18 12:59:05 +0000] [24] [INFO] Booting worker with pid: 24
[2021-07-18 12:59:05 +0000] [25] [INFO] Booting worker with pid: 25
[2021-07-18 12:59:05 +0000] [26] [INFO] Booting worker with pid: 26
[2021-07-18 12:59:05 +0000] [30] [INFO] Booting worker with pid: 30
[2021-07-18 12:59:05 +0000] [32] [INFO] Booting worker with pid: 32
[2021-07-18 12:59:05 +0000] [34] [INFO] Booting worker with pid: 34
[2021-07-18 12:59:05 +0000] [36] [INFO] Booting worker with pid: 36
[2021-07-18 12:59:05 +0000] [38] [INFO] Booting worker with pid: 38
[2021-07-18 12:59:05 +0000] [40] [INFO] Booting worker with pid: 40
[2021-07-18 12:59:05 +0000] [42] [INFO] Booting worker with pid: 42
[2021-07-18 12:59:05 +0000] [44] [INFO] Booting worker with pid: 44
[2021-07-18 12:59:05 +0000] [46] [INFO] Booting worker with pid: 46
[2021-07-18 12:59:06 +0000] [48] [INFO] Booting worker with pid: 48
[2021-07-18 12:59:06 +0000] [50] [INFO] Booting worker with pid: 50
[2021-07-18 12:59:06 +0000] [52] [INFO] Booting worker with pid: 52
[2021-07-18 12:59:06 +0000] [54] [INFO] Booting worker with pid: 54
[2021-07-18 12:59:06 +0000] [56] [INFO] Booting worker with pid: 56
[2021-07-18 12:59:06 +0000] [58] [INFO] Booting worker with pid: 58
[2021-07-18 12:59:06 +0000] [60] [INFO] Booting worker with pid: 60
[2021-07-18 12:59:06 +0000] [62] [INFO] Booting worker with pid: 62
[2021-07-18 12:59:06 +0000] [64] [INFO] Booting worker with pid: 64
[2021-07-18 12:59:06 +0000] [66] [INFO] Booting worker with pid: 66
[2021-07-18 12:59:06 +0000] [67] [INFO] Booting worker with pid: 67
[2021-07-18 12:59:06 +0000] [69] [INFO] Booting worker with pid: 69
[2021-07-18 12:59:06 +0000] [72] [INFO] Booting worker with pid: 72
[2021-07-18 12:59:06 +0000] [74] [INFO] Booting worker with pid: 74
[2021-07-18 12:59:06 +0000] [76] [INFO] Booting worker with pid: 76
[2021-07-18 12:59:06 +0000] [78] [INFO] Booting worker with pid: 78
[2021-07-18 12:59:06 +0000] [80] [INFO] Booting worker with pid: 80
[2021-07-18 12:59:07 +0000] [82] [INFO] Booting worker with pid: 82
[2021-07-18 12:59:07 +0000] [84] [INFO] Booting worker with pid: 84
[2021-07-18 12:59:07 +0000] [86] [INFO] Booting worker with pid: 86
[2021-07-18 12:59:07 +0000] [88] [INFO] Booting worker with pid: 88
[2021-07-18 12:59:07 +0000] [90] [INFO] Booting worker with pid: 90
[2021-07-18 12:59:07 +0000] [92] [INFO] Booting worker with pid: 92
[2021-07-18 12:59:07 +0000] [94] [INFO] Booting worker with pid: 94
[2021-07-18 12:59:07 +0000] [96] [INFO] Booting worker with pid: 96
[2021-07-18 12:59:07 +0000] [98] [INFO] Booting worker with pid: 98
[2021-07-18 12:59:07 +0000] [100] [INFO] Booting worker with pid: 100
[2021-07-18 12:59:07 +0000] [102] [INFO] Booting worker with pid: 102
[2021-07-18 12:59:07 +0000] [104] [INFO] Booting worker with pid: 104
[2021-07-18 12:59:07 +0000] [106] [INFO] Booting worker with pid: 106
[2021-07-18 12:59:07 +0000] [108] [INFO] Booting worker with pid: 108
[2021-07-18 12:59:07 +0000] [110] [INFO] Booting worker with pid: 110
[2021-07-18 12:59:07 +0000] [111] [INFO] Booting worker with pid: 111
[2021-07-18 12:59:07 +0000] [114] [INFO] Booting worker with pid: 114
[2021-07-18 12:59:07 +0000] [116] [INFO] Booting worker with pid: 116
[2021-07-18 12:59:08 +0000] [118] [INFO] Booting worker with pid: 118
